Active-HDL 9.1.2353.4205  2017-10-01 18:24:27

Elaboration top modules:
Architecture                  xor2_arch(xor2)


------------------------------------------------------------------------------------------
Entity   | Architecture | Library | Info | Compiler Version         | Compilation Options
------------------------------------------------------------------------------------------
xor2     | xor2_arch    | ble     |      | 9.1.2353.4205  (Windows) | -O3
and2     | and2_arch    | ble     |      | 9.1.2353.4205  (Windows) | -O3
inv      | inv_arch     | ble     |      | 9.1.2353.4205  (Windows) | -O3
or2      | or2_arch     | ble     |      | 9.1.2353.4205  (Windows) | -O3
------------------------------------------------------------------------------------------

------------------------------------------------------------------------------------------
VHDL Package            | Library | Info | Compiler Version         | Compilation Options
------------------------------------------------------------------------------------------
standard                | std     |      |                          | <unavailable>
TEXTIO                  | std     |      | 9.1.2353.4205  (Windows) |  -2008
std_logic_1164          | ieee    |      | 9.1.2353.4205  (Windows) |  -2008
------------------------------------------------------------------------------------------

------------------------------------------------------------------------------------------
Library                 | Comment
------------------------------------------------------------------------------------------
ble                     | None
ieee                    | Standard IEEE packages library
std                     | Standard VHDL library
------------------------------------------------------------------------------------------
