Active-HDL 9.1.2353.4205  2017-10-01 16:01:16

Elaboration top modules:
Architecture                  mux2_arch(mux2)


------------------------------------------------------------------------------------------
Entity   | Architecture | Library | Info | Compiler Version         | Compilation Options
------------------------------------------------------------------------------------------
mux2     | mux2_arch    | lab_1   |      | 9.1.2353.4205  (Windows) | -O3
------------------------------------------------------------------------------------------

------------------------------------------------------------------------------------------
VHDL Package            | Library | Info | Compiler Version         | Compilation Options
------------------------------------------------------------------------------------------
standard                | std     |      |                          | <unavailable>
TEXTIO                  | std     |      | 9.1.2353.4205  (Windows) |  -2008
std_logic_1164          | ieee    |      | 9.1.2353.4205  (Windows) |  -2008
------------------------------------------------------------------------------------------

------------------------------------------------------------------------------------------
Library                 | Comment
------------------------------------------------------------------------------------------
ieee                    | Standard IEEE packages library
lab_1                   | None
std                     | Standard VHDL library
------------------------------------------------------------------------------------------


Simulation Options: asim -O5 +access +r +m+mux2 mux2 mux2_arch

